<?xml version="1.0" encoding="UTF-8"?>
<robot generator="Robot 5.0.1 (Python 3.10.5 on win32)" generated="20220715 18:24:08.805" rpa="false" schemaversion="3">
<suite id="s1" name="Open application" source="C:\Users\Andreza\code\Android_Project\Tests\Open_application.robot">
<test id="s1-t1" name="Open_Application" line="5">
<kw name="Open Application" library="AppiumLibrary">
<arg>http://localhost:4723/wd/hub</arg>
<arg>platformName=Android</arg>
<arg>deviceName=emulator-5554</arg>
<arg>appPackage=com.google.android.calendar</arg>
<arg>appActivity=com.firebase.jobdispatcher.GooglePlayReceiver</arg>
<arg>automationName=Uiautomator2</arg>
<doc>Opens a new application to given Appium server.
Capabilities of appium server, Android and iOS,
Please check https://github.com/appium/appium/blob/master/docs/en/writing-running-appium/server-args.md
| *Option*            | *Man.* | *Description*     |
| remote_url          | Yes    | Appium server url |
| alias               | no     | alias             |</doc>
<kw name="Capture Page Screenshot" library="AppiumLibrary">
<doc>Takes a screenshot of the current page and embeds it into the log.</doc>
<msg timestamp="20220715 18:24:16.111" level="FAIL">No application is open</msg>
<status status="FAIL" starttime="20220715 18:24:16.110" endtime="20220715 18:24:16.113"/>
</kw>
<msg timestamp="20220715 18:24:16.114" level="WARN">Keyword 'Capture Page Screenshot' could not be run on failure: No application is open</msg>
<msg timestamp="20220715 18:24:16.115" level="FAIL">WebDriverException: Message: An unknown server-side error occurred while processing the command. Original error: Cannot start the 'com.google.android.calendar' application. Visit https://github.com/appium/appium/blob/master/docs/en/writing-running-appium/android/activity-startup.md for troubleshooting. Original error: Cannot start the 'com.google.android.calendar' application. Visit https://github.com/appium/appium/blob/master/docs/en/writing-running-appium/android/activity-startup.md for troubleshooting. Original error: Activity name '.com.firebase.jobdispatcher.GooglePlayReceiver' used to start the app doesn't exist or cannot be launched! Make sure it exists and is a launchable activity
</msg>
<status status="FAIL" starttime="20220715 18:24:08.985" endtime="20220715 18:24:16.115"/>
</kw>
<status status="FAIL" starttime="20220715 18:24:08.984" endtime="20220715 18:24:16.116">WebDriverException: Message: An unknown server-side error occurred while processing the command. Original error: Cannot start the 'com.google.android.calendar' application. Visit https://github.com/appium/appium/blob/master/docs/en/writing-running-appium/android/activity-startup.md for troubleshooting. Original error: Cannot start the 'com.google.android.calendar' application. Visit https://github.com/appium/appium/blob/master/docs/en/writing-running-appium/android/activity-startup.md for troubleshooting. Original error: Activity name '.com.firebase.jobdispatcher.GooglePlayReceiver' used to start the app doesn't exist or cannot be launched! Make sure it exists and is a launchable activity
</status>
</test>
<status status="FAIL" starttime="20220715 18:24:08.807" endtime="20220715 18:24:16.117"/>
</suite>
<statistics>
<total>
<stat pass="0" fail="1" skip="0">All Tests</stat>
</total>
<tag>
</tag>
<suite>
<stat pass="0" fail="1" skip="0" id="s1" name="Open application">Open application</stat>
</suite>
</statistics>
<errors>
<msg timestamp="20220715 18:24:16.114" level="WARN">Keyword 'Capture Page Screenshot' could not be run on failure: No application is open</msg>
</errors>
</robot>
